Build started 16.04.2020 19:27:15.
     1>Project "F:\Git Trening\CheckboxesTree\CheckboxesTree.vcxproj" on node 2 (build target(s)).
     1>InitializeBuildStatus:
         Creating ".\Debug\CheckboxesTree.unsuccessfulbuild" because "AlwaysCreate" was specified.
       ClCompile:
         All outputs are up-to-date.
         C:\Program Files (x86)\Microsoft Visual Studio 10.0\VC\bin\CL.exe /c /ZI /nologo /W3 /WX- /Od /Oy- /D WIN32 /D _DEBUG /D _WINDOWS /D _VC80_UPGRADE=0x0600 /D _MBCS /D _AFXDLL /Gm /EHsc /RTC1 /MDd /GS /Gy- /fp:precise /Zc:wchar_t /Zc:forScope /Yu"stdafx.h" /Fp".\Debug\CheckboxesTree.pch" /Fo".\Debug\\" /Fd".\Debug\vc100.pdb" /Gd /TP /analyze- /errorReport:prompt CheckboxesTree.cpp CheckboxesTreeCtrl.cpp CheckboxesTreeDlg.cpp
         CheckboxesTreeDlg.cpp
         Generating Code...
         Skipping... (no relevant changes detected)
         CheckboxesTreeCtrl.cpp
         CheckboxesTree.cpp
       ResourceCompile:
         C:\Program Files (x86)\Microsoft SDKs\Windows\v7.0A\bin\rc.exe /D _DEBUG /D _VC80_UPGRADE=0x0600 /D _AFXDLL /l"0x0409" /nologo /fo".\Debug\CheckboxesTree.res" CheckboxesTree.rc 
       ManifestResourceCompile:
         All outputs are up-to-date.
       Link:
         C:\Program Files (x86)\Microsoft Visual Studio 10.0\VC\bin\link.exe /ERRORREPORT:PROMPT /OUT:".\Debug\CheckboxesTree.exe" /INCREMENTAL /NOLOGO /MANIFEST /ManifestFile:".\Debug\CheckboxesTree.exe.intermediate.manifest" /MANIFESTUAC:"level='asInvoker' uiAccess='false'" /DEBUG /PDB:"F:\Git Trening\CheckboxesTree\Debug\CheckboxesTree.pdb" /SUBSYSTEM:WINDOWS /TLBID:1 /DYNAMICBASE /NXCOMPAT /IMPLIB:".\Debug\CheckboxesTree.lib" /MACHINE:X86 .\Debug\CheckboxesTree.res
         .\Debug\CheckboxesTree.exe.embed.manifest.res
         .\Debug\CheckboxesTree.obj
         .\Debug\CheckboxesTreeCtrl.obj
         .\Debug\CheckboxesTreeDlg.obj
         .\Debug\StdAfx.obj
         .\Debug\TitleTip.obj
         .\Debug\TreeItem.obj
       Manifest:
         C:\Program Files (x86)\Microsoft SDKs\Windows\v7.0A\bin\mt.exe /nologo /verbose /out:".\Debug\CheckboxesTree.exe.embed.manifest" /manifest .\Debug\CheckboxesTree.exe.intermediate.manifest "C:\Program Files (x86)\Microsoft Visual Studio 10.0\VC\Include\Manifest\dpiaware.manifest"
         All outputs are up-to-date.
       LinkEmbedManifest:
         All outputs are up-to-date.
         CheckboxesTree.vcxproj -> F:\Git Trening\CheckboxesTree\.\Debug\CheckboxesTree.exe
       FinalizeBuildStatus:
         Deleting file ".\Debug\CheckboxesTree.unsuccessfulbuild".
         Touching ".\Debug\CheckboxesTree.lastbuildstate".
     1>Done Building Project "F:\Git Trening\CheckboxesTree\CheckboxesTree.vcxproj" (build target(s)).

Build succeeded.

Time Elapsed 00:00:01.38
